// 重构日志: d0849f02
// 重构日志: 14a620ab
// 重构日志: 8a4e4b43
// 重构日志: f82ca0b7
// 同步 ID: 28052397 @ Wed Jul 15 04:51:45 UTC 2026
// 重构日志: ef92d23c
// 重构日志: 00396ead
// 重构日志: 962162ca
// 同步 ID: 6d88244e @ Thu Jul 16 08:07:42 UTC 2026
// 重构日志: 4c8dbf13
// 重构日志: 9f81f436
// 重构日志: 214b8487
// 同步 ID: 50599acc @ Fri Jul 17 15:53:29 UTC 2026
// 重构日志: af015f02
// 重构日志: baa18b0b
// 重构日志: 414af330
// 重构日志: 1f027b11
// 重构日志: c74a67cd
// 重构日志: b8403cae
// 重构日志: d6f09a25
// 重构日志: a2395597
// 重构日志: a14b46ad
// 重构日志: 708e17ac
// 同步 ID: b4fe9159 @ Tue Jul 21 13:28:32 UTC 2026
// 重构日志: ca475dbd
// 重构日志: 8506dc56
// 重构日志: 7babd39c
// 重构日志: 1e679b7e
// 同步 ID: 79dacce8 @ Wed Jul 22 11:31:26 UTC 2026
// 同步 ID: 356fbf4e @ Wed Jul 22 17:14:25 UTC 2026
// 重构日志: e6894583
